# JRE version: OpenJDK Runtime Environment Temurin-21.0.11+10 (21.0.11+10) (build 21.0.11+10-LTS)
# Java VM: OpenJDK 64-Bit Server VM Temurin-21.0.11+10 (21.0.11+10-LTS, mixed mode, sharing, tiered, compressed oops, compressed class ptrs, parallel gc, windows-amd64)
GC Precious Log:
 CardTable entry size: 512
 CPUs: 8 total, 8 available
 Memory: 16194M
 Large Page Support: Disabled
 NUMA Support: Disabled
 Compressed Oops: Enabled (32-bit)
 Alignments: Space 512K, Generation 512K, Heap 2M
 Heap Min Capacity: 100M
 Heap Initial Capacity: 100M
 Heap Max Capacity: 2G
 Pre-touch: Disabled
 Parallel Workers: 8
Heap:
 PSYoungGen      total 10240K, used 8849K [0x00000000d5580000, 0x00000000d6900000, 0x0000000100000000)
  eden space 5632K, 77% used [0x00000000d5580000,0x00000000d59bc410,0x00000000d5b00000)
  from space 4608K, 97% used [0x00000000d6480000,0x00000000d68e8000,0x00000000d6900000)
  to   space 6144K, 0% used [0x00000000d5d00000,0x00000000d5d00000,0x00000000d6300000)
 ParOldGen       total 481792K, used 479515K [0x0000000080000000, 0x000000009d680000, 0x00000000d5580000)
  object space 481792K, 99% used [0x0000000080000000,0x000000009d446c88,0x000000009d680000)
 Metaspace       used 84432K, committed 85888K, reserved 1179648K
  class space    used 8784K, committed 9408K, reserved 1048576K
GC Heap History (20 events):
Event: 15579.017 GC heap before
{Heap before GC invocations=1239 (full 4):
 PSYoungGen      total 6656K, used 6208K [0x00000000d5580000, 0x00000000d5f80000, 0x0000000100000000)
  eden space 3072K, 100% used [0x00000000d5580000,0x00000000d5880000,0x00000000d5880000)
  from space 3584K, 87% used [0x00000000d5c00000,0x00000000d5f10000,0x00000000d5f80000)
  to   space 3584K, 0% used [0x00000000d5880000,0x00000000d5880000,0x00000000d5c00000)
 ParOldGen       total 386048K, used 385660K [0x0000000080000000, 0x0000000097900000, 0x00000000d5580000)
  object space 386048K, 99% used [0x0000000080000000,0x000000009789f028,0x0000000097900000)
 Metaspace       used 84402K, committed 85888K, reserved 1179648K
  class space    used 8784K, committed 9408K, reserved 1048576K
}
Event: 15579.023 GC heap after
{Heap after GC invocations=1239 (full 4):
 PSYoungGen      total 6656K, used 3200K [0x00000000d5580000, 0x00000000d5f80000, 0x0000000100000000)
  eden space 3072K, 0% used [0x00000000d5580000,0x00000000d5580000,0x00000000d5880000)
  from space 3584K, 89% used [0x00000000d5880000,0x00000000d5ba0000,0x00000000d5c00000)
  to   space 3584K, 0% used [0x00000000d5c00000,0x00000000d5c00000,0x00000000d5f80000)
 ParOldGen       total 389120K, used 388748K [0x0000000080000000, 0x0000000097c00000, 0x00000000d5580000)
  object space 389120K, 99% used [0x0000000080000000,0x0000000097ba3028,0x0000000097c00000)
 Metaspace       used 84402K, committed 85888K, reserved 1179648K
  class space    used 8784K, committed 9408K, reserved 1048576K
}
Event: 15579.038 GC heap before
{Heap before GC invocations=1240 (full 4):
 PSYoungGen      total 6656K, used 6272K [0x00000000d5580000, 0x00000000d5f80000, 0x0000000100000000)
  eden space 3072K, 100% used [0x00000000d5580000,0x00000000d5880000,0x00000000d5880000)
  from space 3584K, 89% used [0x00000000d5880000,0x00000000d5ba0000,0x00000000d5c00000)
  to   space 3584K, 0% used [0x00000000d5c00000,0x00000000d5c00000,0x00000000d5f80000)
 ParOldGen       total 389120K, used 388748K [0x0000000080000000, 0x0000000097c00000, 0x00000000d5580000)
  object space 389120K, 99% used [0x0000000080000000,0x0000000097ba3028,0x0000000097c00000)
 Metaspace       used 84402K, committed 85888K, reserved 1179648K
  class space    used 8784K, committed 9408K, reserved 1048576K
}
Event: 15579.042 GC heap after
{Heap after GC invocations=1240 (full 4):
 PSYoungGen      total 6656K, used 3136K [0x00000000d5580000, 0x00000000d5f80000, 0x0000000100000000)
  eden space 3072K, 0% used [0x00000000d5580000,0x00000000d5580000,0x00000000d5880000)
  from space 3584K, 87% used [0x00000000d5c00000,0x00000000d5f10000,0x00000000d5f80000)
  to   space 3584K, 0% used [0x00000000d5880000,0x00000000d5880000,0x00000000d5c00000)
 ParOldGen       total 392192K, used 391844K [0x0000000080000000, 0x0000000097f00000, 0x00000000d5580000)
  object space 392192K, 99% used [0x0000000080000000,0x0000000097ea9028,0x0000000097f00000)
 Metaspace       used 84402K, committed 85888K, reserved 1179648K
  class space    used 8784K, committed 9408K, reserved 1048576K
}
Event: 15579.054 GC heap before
{Heap before GC invocations=1241 (full 4):
 PSYoungGen      total 6656K, used 6208K [0x00000000d5580000, 0x00000000d5f80000, 0x0000000100000000)
  eden space 3072K, 100% used [0x00000000d5580000,0x00000000d5880000,0x00000000d5880000)
  from space 3584K, 87% used [0x00000000d5c00000,0x00000000d5f10000,0x00000000d5f80000)
  to   space 3584K, 0% used [0x00000000d5880000,0x00000000d5880000,0x00000000d5c00000)
 ParOldGen       total 392192K, used 391844K [0x0000000080000000, 0x0000000097f00000, 0x00000000d5580000)
  object space 392192K, 99% used [0x0000000080000000,0x0000000097ea9028,0x0000000097f00000)
 Metaspace       used 84402K, committed 85888K, reserved 1179648K
  class space    used 8784K, committed 9408K, reserved 1048576K
}
Event: 15579.061 GC heap after
{Heap after GC invocations=1241 (full 4):
 PSYoungGen      total 6656K, used 2528K [0x00000000d5580000, 0x00000000d5f80000, 0x0000000100000000)
  eden space 3072K, 0% used [0x00000000d5580000,0x00000000d5580000,0x00000000d5880000)
  from space 3584K, 70% used [0x00000000d5880000,0x00000000d5af8000,0x00000000d5c00000)
  to   space 3072K, 0% used [0x00000000d5c80000,0x00000000d5c80000,0x00000000d5f80000)
 ParOldGen       total 395264K, used 394908K [0x0000000080000000, 0x0000000098200000, 0x00000000d5580000)
  object space 395264K, 99% used [0x0000000080000000,0x00000000981a7028,0x0000000098200000)
 Metaspace       used 84402K, committed 85888K, reserved 1179648K
  class space    used 8784K, committed 9408K, reserved 1048576K
}
Event: 15579.079 GC heap before
{Heap before GC invocations=1242 (full 4):
 PSYoungGen      total 6656K, used 5600K [0x00000000d5580000, 0x00000000d5f80000, 0x0000000100000000)
  eden space 3072K, 100% used [0x00000000d5580000,0x00000000d5880000,0x00000000d5880000)
  from space 3584K, 70% used [0x00000000d5880000,0x00000000d5af8000,0x00000000d5c00000)
  to   space 3072K, 0% used [0x00000000d5c80000,0x00000000d5c80000,0x00000000d5f80000)
 ParOldGen       total 395264K, used 394908K [0x0000000080000000, 0x0000000098200000, 0x00000000d5580000)
  object space 395264K, 99% used [0x0000000080000000,0x00000000981a7028,0x0000000098200000)
 Metaspace       used 84402K, committed 85888K, reserved 1179648K
  class space    used 8784K, committed 9408K, reserved 1048576K
}
Event: 15579.085 GC heap after
{Heap after GC invocations=1242 (full 4):
 PSYoungGen      total 7168K, used 2686K [0x00000000d5580000, 0x00000000d5f80000, 0x0000000100000000)
  eden space 4096K, 0% used [0x00000000d5580000,0x00000000d5580000,0x00000000d5980000)
  from space 3072K, 87% used [0x00000000d5c80000,0x00000000d5f1f910,0x00000000d5f80000)
  to   space 3072K, 0% used [0x00000000d5980000,0x00000000d5980000,0x00000000d5c80000)
 ParOldGen       total 397824K, used 397348K [0x0000000080000000, 0x0000000098480000, 0x00000000d5580000)
  object space 397824K, 99% used [0x0000000080000000,0x0000000098409028,0x0000000098480000)
 Metaspace       used 84402K, committed 85888K, reserved 1179648K
  class space    used 8784K, committed 9408K, reserved 1048576K
}
Event: 15579.101 GC heap before
{Heap before GC invocations=1243 (full 4):
 PSYoungGen      total 7168K, used 6662K [0x00000000d5580000, 0x00000000d5f80000, 0x0000000100000000)
  eden space 4096K, 97% used [0x00000000d5580000,0x00000000d5961f90,0x00000000d5980000)
  from space 3072K, 87% used [0x00000000d5c80000,0x00000000d5f1f910,0x00000000d5f80000)
  to   space 3072K, 0% used [0x00000000d5980000,0x00000000d5980000,0x00000000d5c80000)
 ParOldGen       total 397824K, used 397348K [0x0000000080000000, 0x0000000098480000, 0x00000000d5580000)
  object space 397824K, 99% used [0x0000000080000000,0x0000000098409028,0x0000000098480000)
 Metaspace       used 84402K, committed 85888K, reserved 1179648K
  class space    used 8784K, committed 9408K, reserved 1048576K
}
Event: 15579.107 GC heap after
{Heap after GC invocations=1243 (full 4):
 PSYoungGen      total 7168K, used 3040K [0x00000000d5580000, 0x00000000d6680000, 0x0000000100000000)
  eden space 4096K, 0% used [0x00000000d5580000,0x00000000d5580000,0x00000000d5980000)
  from space 3072K, 98% used [0x00000000d5980000,0x00000000d5c78168,0x00000000d5c80000)
  to   space 6144K, 0% used [0x00000000d6080000,0x00000000d6080000,0x00000000d6680000)
 ParOldGen       total 400384K, used 399908K [0x0000000080000000, 0x0000000098700000, 0x00000000d5580000)
  object space 400384K, 99% used [0x0000000080000000,0x0000000098689038,0x0000000098700000)
 Metaspace       used 84402K, committed 85888K, reserved 1179648K
  class space    used 8784K, committed 9408K, reserved 1048576K
}
Event: 15579.129 GC heap before
{Heap before GC invocations=1244 (full 4):
 PSYoungGen      total 7168K, used 6877K [0x00000000d5580000, 0x00000000d6680000, 0x0000000100000000)
  eden space 4096K, 93% used [0x00000000d5580000,0x00000000d593f658,0x00000000d5980000)
  from space 3072K, 98% used [0x00000000d5980000,0x00000000d5c78168,0x00000000d5c80000)
  to   space 6144K, 0% used [0x00000000d6080000,0x00000000d6080000,0x00000000d6680000)
 ParOldGen       total 400384K, used 399908K [0x0000000080000000, 0x0000000098700000, 0x00000000d5580000)
  object space 400384K, 99% used [0x0000000080000000,0x0000000098689038,0x0000000098700000)
 Metaspace       used 84402K, committed 85888K, reserved 1179648K
  class space    used 8784K, committed 9408K, reserved 1048576K
}
Event: 15579.136 GC heap after
{Heap after GC invocations=1244 (full 4):
 PSYoungGen      total 9728K, used 4294K [0x00000000d5580000, 0x00000000d6500000, 0x0000000100000000)
  eden space 5120K, 0% used [0x00000000d5580000,0x00000000d5580000,0x00000000d5a80000)
  from space 4608K, 93% used [0x00000000d6080000,0x00000000d64b19b8,0x00000000d6500000)
  to   space 5120K, 0% used [0x00000000d5b00000,0x00000000d5b00000,0x00000000d6000000)
 ParOldGen       total 402944K, used 402522K [0x0000000080000000, 0x0000000098980000, 0x00000000d5580000)
  object space 402944K, 99% used [0x0000000080000000,0x0000000098916b48,0x0000000098980000)
 Metaspace       used 84402K, committed 85888K, reserved 1179648K
  class space    used 8784K, committed 9408K, reserved 1048576K
}
Event: 15579.184 GC heap before
{Heap before GC invocations=1245 (full 4):
 PSYoungGen      total 9728K, used 9413K [0x00000000d5580000, 0x00000000d6500000, 0x0000000100000000)
  eden space 5120K, 99% used [0x00000000d5580000,0x00000000d5a7fd40,0x00000000d5a80000)
  from space 4608K, 93% used [0x00000000d6080000,0x00000000d64b19b8,0x00000000d6500000)
  to   space 5120K, 0% used [0x00000000d5b00000,0x00000000d5b00000,0x00000000d6000000)
 ParOldGen       total 402944K, used 402522K [0x0000000080000000, 0x0000000098980000, 0x00000000d5580000)
  object space 402944K, 99% used [0x0000000080000000,0x0000000098916b48,0x0000000098980000)
 Metaspace       used 84404K, committed 85888K, reserved 1179648K
  class space    used 8784K, committed 9408K, reserved 1048576K
}
Event: 15579.192 GC heap after
{Heap after GC invocations=1245 (full 4):
 PSYoungGen      total 10752K, used 4181K [0x00000000d5580000, 0x00000000d6480000, 0x0000000100000000)
  eden space 5632K, 0% used [0x00000000d5580000,0x00000000d5580000,0x00000000d5b00000)
  from space 5120K, 81% used [0x00000000d5b00000,0x00000000d5f15688,0x00000000d6000000)
  to   space 4608K, 0% used [0x00000000d6000000,0x00000000d6000000,0x00000000d6480000)
 ParOldGen       total 405504K, used 405409K [0x0000000080000000, 0x0000000098c00000, 0x00000000d5580000)
  object space 405504K, 99% used [0x0000000080000000,0x0000000098be8738,0x0000000098c00000)
 Metaspace       used 84404K, committed 85888K, reserved 1179648K
  class space    used 8784K, committed 9408K, reserved 1048576K
}
Event: 15579.277 GC heap before
{Heap before GC invocations=1246 (full 4):
 PSYoungGen      total 10752K, used 9813K [0x00000000d5580000, 0x00000000d6480000, 0x0000000100000000)
  eden space 5632K, 100% used [0x00000000d5580000,0x00000000d5b00000,0x00000000d5b00000)
  from space 5120K, 81% used [0x00000000d5b00000,0x00000000d5f15688,0x00000000d6000000)
  to   space 4608K, 0% used [0x00000000d6000000,0x00000000d6000000,0x00000000d6480000)
 ParOldGen       total 405504K, used 405409K [0x0000000080000000, 0x0000000098c00000, 0x00000000d5580000)
  object space 405504K, 99% used [0x0000000080000000,0x0000000098be8738,0x0000000098c00000)
 Metaspace       used 84408K, committed 85888K, reserved 1179648K
  class space    used 8784K, committed 9408K, reserved 1048576K
}
Event: 15579.285 GC heap after
{Heap after GC invocations=1246 (full 4):
 PSYoungGen      total 8704K, used 3060K [0x00000000d5580000, 0x00000000d6300000, 0x0000000100000000)
  eden space 5632K, 0% used [0x00000000d5580000,0x00000000d5580000,0x00000000d5b00000)
  from space 3072K, 99% used [0x00000000d6000000,0x00000000d62fd150,0x00000000d6300000)
  to   space 3584K, 0% used [0x00000000d5c00000,0x00000000d5c00000,0x00000000d5f80000)
 ParOldGen       total 409600K, used 409518K [0x0000000080000000, 0x0000000099000000, 0x00000000d5580000)
  object space 409600K, 99% used [0x0000000080000000,0x0000000098febad8,0x0000000099000000)
 Metaspace       used 84408K, committed 85888K, reserved 1179648K
  class space    used 8784K, committed 9408K, reserved 1048576K
}
Event: 15579.312 GC heap before
{Heap before GC invocations=1247 (full 4):
 PSYoungGen      total 8704K, used 8692K [0x00000000d5580000, 0x00000000d6300000, 0x0000000100000000)
  eden space 5632K, 100% used [0x00000000d5580000,0x00000000d5b00000,0x00000000d5b00000)
  from space 3072K, 99% used [0x00000000d6000000,0x00000000d62fd150,0x00000000d6300000)
  to   space 3584K, 0% used [0x00000000d5c00000,0x00000000d5c00000,0x00000000d5f80000)
 ParOldGen       total 409600K, used 409518K [0x0000000080000000, 0x0000000099000000, 0x00000000d5580000)
  object space 409600K, 99% used [0x0000000080000000,0x0000000098febad8,0x0000000099000000)
 Metaspace       used 84408K, committed 85888K, reserved 1179648K
  class space    used 8784K, committed 9408K, reserved 1048576K
}
Event: 15579.321 GC heap after
{Heap after GC invocations=1247 (full 4):
 PSYoungGen      total 9216K, used 3584K [0x00000000d5580000, 0x00000000d6e00000, 0x0000000100000000)
  eden space 5632K, 0% used [0x00000000d5580000,0x00000000d5580000,0x00000000d5b00000)
  from space 3584K, 100% used [0x00000000d5c00000,0x00000000d5f80000,0x00000000d5f80000)
  to   space 9728K, 0% used [0x00000000d6480000,0x00000000d6480000,0x00000000d6e00000)
 ParOldGen       total 414720K, used 414507K [0x0000000080000000, 0x0000000099500000, 0x00000000d5580000)
  object space 414720K, 99% used [0x0000000080000000,0x00000000994cac28,0x0000000099500000)
 Metaspace       used 84408K, committed 85888K, reserved 1179648K
  class space    used 8784K, committed 9408K, reserved 1048576K
}
Event: 15579.396 GC heap before
{Heap before GC invocations=1248 (full 4):
 PSYoungGen      total 9216K, used 9216K [0x00000000d5580000, 0x00000000d6e00000, 0x0000000100000000)
  eden space 5632K, 100% used [0x00000000d5580000,0x00000000d5b00000,0x00000000d5b00000)
  from space 3584K, 100% used [0x00000000d5c00000,0x00000000d5f80000,0x00000000d5f80000)
  to   space 9728K, 0% used [0x00000000d6480000,0x00000000d6480000,0x00000000d6e00000)
 ParOldGen       total 414720K, used 414507K [0x0000000080000000, 0x0000000099500000, 0x00000000d5580000)
  object space 414720K, 99% used [0x0000000080000000,0x00000000994cac28,0x0000000099500000)
 Metaspace       used 84411K, committed 85888K, reserved 1179648K
  class space    used 8784K, committed 9408K, reserved 1048576K
}
Event: 15579.407 GC heap after
{Heap after GC invocations=1248 (full 4):
 PSYoungGen      total 10240K, used 4512K [0x00000000d5580000, 0x00000000d6900000, 0x0000000100000000)
  eden space 5632K, 0% used [0x00000000d5580000,0x00000000d5580000,0x00000000d5b00000)
  from space 4608K, 97% used [0x00000000d6480000,0x00000000d68e8000,0x00000000d6900000)
  to   space 6144K, 0% used [0x00000000d5d00000,0x00000000d5d00000,0x00000000d6300000)
 ParOldGen       total 418304K, used 418075K [0x0000000080000000, 0x0000000099880000, 0x00000000d5580000)
  object space 418304K, 99% used [0x0000000080000000,0x0000000099846c28,0x0000000099880000)
 Metaspace       used 84411K, committed 85888K, reserved 1179648K
  class space    used 8784K, committed 9408K, reserved 1048576K
}

