# JRE version: OpenJDK Runtime Environment Temurin-21.0.11+10 (21.0.11+10) (build 21.0.11+10-LTS)
# Java VM: OpenJDK 64-Bit Server VM Temurin-21.0.11+10 (21.0.11+10-LTS, mixed mode, sharing, tiered, compressed oops, compressed class ptrs, parallel gc, windows-amd64)
GC Precious Log:
 CardTable entry size: 512
 CPUs: 8 total, 8 available
 Memory: 16194M
 Large Page Support: Disabled
 NUMA Support: Disabled
 Compressed Oops: Enabled (32-bit)
 Alignments: Space 512K, Generation 512K, Heap 2M
 Heap Min Capacity: 100M
 Heap Initial Capacity: 100M
 Heap Max Capacity: 2G
 Pre-touch: Disabled
 Parallel Workers: 8
Heap:
 PSYoungGen      total 11264K, used 5575K [0x00000000d5580000, 0x00000000d6280000, 0x0000000100000000)
  eden space 10752K, 48% used [0x00000000d5580000,0x00000000d5a91f98,0x00000000d6000000)
  from space 512K, 75% used [0x00000000d6200000,0x00000000d6260000,0x00000000d6280000)
  to   space 1024K, 0% used [0x00000000d6080000,0x00000000d6080000,0x00000000d6180000)
 ParOldGen       total 170496K, used 170167K [0x0000000080000000, 0x000000008a680000, 0x00000000d5580000)
  object space 170496K, 99% used [0x0000000080000000,0x000000008a62df30,0x000000008a680000)
 Metaspace       used 73072K, committed 74752K, reserved 1179648K
  class space    used 7594K, committed 8320K, reserved 1048576K
GC Heap History (20 events):
Event: 52.084 GC heap before
{Heap before GC invocations=412 (full 3):
 PSYoungGen      total 12288K, used 11818K [0x00000000d5580000, 0x00000000d6700000, 0x0000000100000000)
  eden space 10752K, 100% used [0x00000000d5580000,0x00000000d6000000,0x00000000d6000000)
  from space 1536K, 69% used [0x00000000d6580000,0x00000000d668aa08,0x00000000d6700000)
  to   space 2560K, 0% used [0x00000000d6200000,0x00000000d6200000,0x00000000d6480000)
 ParOldGen       total 160256K, used 160099K [0x0000000080000000, 0x0000000089c80000, 0x00000000d5580000)
  object space 160256K, 99% used [0x0000000080000000,0x0000000089c58c88,0x0000000089c80000)
 Metaspace       used 67738K, committed 69504K, reserved 1114112K
  class space    used 7063K, committed 7808K, reserved 1048576K
}
Event: 52.086 GC heap after
{Heap after GC invocations=412 (full 3):
 PSYoungGen      total 13312K, used 1110K [0x00000000d5580000, 0x00000000d6600000, 0x0000000100000000)
  eden space 10752K, 0% used [0x00000000d5580000,0x00000000d5580000,0x00000000d6000000)
  from space 2560K, 43% used [0x00000000d6200000,0x00000000d63159e8,0x00000000d6480000)
  to   space 1536K, 0% used [0x00000000d6480000,0x00000000d6480000,0x00000000d6600000)
 ParOldGen       total 161280K, used 160806K [0x0000000080000000, 0x0000000089d80000, 0x00000000d5580000)
  object space 161280K, 99% used [0x0000000080000000,0x0000000089d09bd8,0x0000000089d80000)
 Metaspace       used 67738K, committed 69504K, reserved 1114112K
  class space    used 7063K, committed 7808K, reserved 1048576K
}
Event: 52.125 GC heap before
{Heap before GC invocations=413 (full 3):
 PSYoungGen      total 13312K, used 11862K [0x00000000d5580000, 0x00000000d6600000, 0x0000000100000000)
  eden space 10752K, 100% used [0x00000000d5580000,0x00000000d6000000,0x00000000d6000000)
  from space 2560K, 43% used [0x00000000d6200000,0x00000000d63159e8,0x00000000d6480000)
  to   space 1536K, 0% used [0x00000000d6480000,0x00000000d6480000,0x00000000d6600000)
 ParOldGen       total 161280K, used 160806K [0x0000000080000000, 0x0000000089d80000, 0x00000000d5580000)
  object space 161280K, 99% used [0x0000000080000000,0x0000000089d09bd8,0x0000000089d80000)
 Metaspace       used 67744K, committed 69504K, reserved 1114112K
  class space    used 7063K, committed 7808K, reserved 1048576K
}
Event: 52.129 GC heap after
{Heap after GC invocations=413 (full 3):
 PSYoungGen      total 12288K, used 1522K [0x00000000d5580000, 0x00000000d6600000, 0x0000000100000000)
  eden space 10752K, 0% used [0x00000000d5580000,0x00000000d5580000,0x00000000d6000000)
  from space 1536K, 99% used [0x00000000d6480000,0x00000000d65fcaa8,0x00000000d6600000)
  to   space 2048K, 0% used [0x00000000d6200000,0x00000000d6200000,0x00000000d6400000)
 ParOldGen       total 161280K, used 161107K [0x0000000080000000, 0x0000000089d80000, 0x00000000d5580000)
  object space 161280K, 99% used [0x0000000080000000,0x0000000089d54c28,0x0000000089d80000)
 Metaspace       used 67744K, committed 69504K, reserved 1114112K
  class space    used 7063K, committed 7808K, reserved 1048576K
}
Event: 52.189 GC heap before
{Heap before GC invocations=414 (full 3):
 PSYoungGen      total 12288K, used 12274K [0x00000000d5580000, 0x00000000d6600000, 0x0000000100000000)
  eden space 10752K, 100% used [0x00000000d5580000,0x00000000d6000000,0x00000000d6000000)
  from space 1536K, 99% used [0x00000000d6480000,0x00000000d65fcaa8,0x00000000d6600000)
  to   space 2048K, 0% used [0x00000000d6200000,0x00000000d6200000,0x00000000d6400000)
 ParOldGen       total 161280K, used 161107K [0x0000000080000000, 0x0000000089d80000, 0x00000000d5580000)
  object space 161280K, 99% used [0x0000000080000000,0x0000000089d54c28,0x0000000089d80000)
 Metaspace       used 67934K, committed 69696K, reserved 1114112K
  class space    used 7066K, committed 7808K, reserved 1048576K
}
Event: 52.193 GC heap after
{Heap after GC invocations=414 (full 3):
 PSYoungGen      total 12800K, used 1856K [0x00000000d5580000, 0x00000000d6500000, 0x0000000100000000)
  eden space 10752K, 0% used [0x00000000d5580000,0x00000000d5580000,0x00000000d6000000)
  from space 2048K, 90% used [0x00000000d6200000,0x00000000d63d0020,0x00000000d6400000)
  to   space 1024K, 0% used [0x00000000d6400000,0x00000000d6400000,0x00000000d6500000)
 ParOldGen       total 161792K, used 161667K [0x0000000080000000, 0x0000000089e00000, 0x00000000d5580000)
  object space 161792K, 99% used [0x0000000080000000,0x0000000089de0c28,0x0000000089e00000)
 Metaspace       used 67934K, committed 69696K, reserved 1114112K
  class space    used 7066K, committed 7808K, reserved 1048576K
}
Event: 52.337 GC heap before
{Heap before GC invocations=415 (full 3):
 PSYoungGen      total 12800K, used 12608K [0x00000000d5580000, 0x00000000d6500000, 0x0000000100000000)
  eden space 10752K, 100% used [0x00000000d5580000,0x00000000d6000000,0x00000000d6000000)
  from space 2048K, 90% used [0x00000000d6200000,0x00000000d63d0020,0x00000000d6400000)
  to   space 1024K, 0% used [0x00000000d6400000,0x00000000d6400000,0x00000000d6500000)
 ParOldGen       total 161792K, used 161667K [0x0000000080000000, 0x0000000089e00000, 0x00000000d5580000)
  object space 161792K, 99% used [0x0000000080000000,0x0000000089de0c28,0x0000000089e00000)
 Metaspace       used 68844K, committed 70528K, reserved 1114112K
  class space    used 7147K, committed 7872K, reserved 1048576K
}
Event: 52.342 GC heap after
{Heap after GC invocations=415 (full 3):
 PSYoungGen      total 11776K, used 1003K [0x00000000d5580000, 0x00000000d6800000, 0x0000000100000000)
  eden space 10752K, 0% used [0x00000000d5580000,0x00000000d5580000,0x00000000d6000000)
  from space 1024K, 97% used [0x00000000d6400000,0x00000000d64fadc0,0x00000000d6500000)
  to   space 4096K, 0% used [0x00000000d6000000,0x00000000d6000000,0x00000000d6400000)
 ParOldGen       total 164352K, used 164114K [0x0000000080000000, 0x000000008a080000, 0x00000000d5580000)
  object space 164352K, 99% used [0x0000000080000000,0x000000008a044868,0x000000008a080000)
 Metaspace       used 68844K, committed 70528K, reserved 1114112K
  class space    used 7147K, committed 7872K, reserved 1048576K
}
Event: 52.531 GC heap before
{Heap before GC invocations=416 (full 3):
 PSYoungGen      total 11776K, used 11755K [0x00000000d5580000, 0x00000000d6800000, 0x0000000100000000)
  eden space 10752K, 100% used [0x00000000d5580000,0x00000000d6000000,0x00000000d6000000)
  from space 1024K, 97% used [0x00000000d6400000,0x00000000d64fadc0,0x00000000d6500000)
  to   space 4096K, 0% used [0x00000000d6000000,0x00000000d6000000,0x00000000d6400000)
 ParOldGen       total 164352K, used 164114K [0x0000000080000000, 0x000000008a080000, 0x00000000d5580000)
  object space 164352K, 99% used [0x0000000080000000,0x000000008a044868,0x000000008a080000)
 Metaspace       used 69619K, committed 71360K, reserved 1114112K
  class space    used 7228K, committed 7936K, reserved 1048576K
}
Event: 52.535 GC heap after
{Heap after GC invocations=416 (full 3):
 PSYoungGen      total 12800K, used 1780K [0x00000000d5580000, 0x00000000d6500000, 0x0000000100000000)
  eden space 10752K, 0% used [0x00000000d5580000,0x00000000d5580000,0x00000000d6000000)
  from space 2048K, 86% used [0x00000000d6000000,0x00000000d61bd168,0x00000000d6200000)
  to   space 2560K, 0% used [0x00000000d6280000,0x00000000d6280000,0x00000000d6500000)
 ParOldGen       total 165376K, used 165072K [0x0000000080000000, 0x000000008a180000, 0x00000000d5580000)
  object space 165376K, 99% used [0x0000000080000000,0x000000008a134038,0x000000008a180000)
 Metaspace       used 69619K, committed 71360K, reserved 1114112K
  class space    used 7228K, committed 7936K, reserved 1048576K
}
Event: 52.836 GC heap before
{Heap before GC invocations=417 (full 3):
 PSYoungGen      total 12800K, used 12532K [0x00000000d5580000, 0x00000000d6500000, 0x0000000100000000)
  eden space 10752K, 100% used [0x00000000d5580000,0x00000000d6000000,0x00000000d6000000)
  from space 2048K, 86% used [0x00000000d6000000,0x00000000d61bd168,0x00000000d6200000)
  to   space 2560K, 0% used [0x00000000d6280000,0x00000000d6280000,0x00000000d6500000)
 ParOldGen       total 165376K, used 165072K [0x0000000080000000, 0x000000008a180000, 0x00000000d5580000)
  object space 165376K, 99% used [0x0000000080000000,0x000000008a134038,0x000000008a180000)
 Metaspace       used 70248K, committed 71936K, reserved 1114112K
  class space    used 7287K, committed 8000K, reserved 1048576K
}
Event: 52.840 GC heap after
{Heap after GC invocations=417 (full 3):
 PSYoungGen      total 12288K, used 1408K [0x00000000d5580000, 0x00000000d6400000, 0x0000000100000000)
  eden space 10752K, 0% used [0x00000000d5580000,0x00000000d5580000,0x00000000d6000000)
  from space 1536K, 91% used [0x00000000d6280000,0x00000000d63e0020,0x00000000d6400000)
  to   space 2048K, 0% used [0x00000000d6000000,0x00000000d6000000,0x00000000d6200000)
 ParOldGen       total 166912K, used 166549K [0x0000000080000000, 0x000000008a300000, 0x00000000d5580000)
  object space 166912K, 99% used [0x0000000080000000,0x000000008a2a5710,0x000000008a300000)
 Metaspace       used 70248K, committed 71936K, reserved 1114112K
  class space    used 7287K, committed 8000K, reserved 1048576K
}
Event: 53.019 GC heap before
{Heap before GC invocations=418 (full 3):
 PSYoungGen      total 12288K, used 12160K [0x00000000d5580000, 0x00000000d6400000, 0x0000000100000000)
  eden space 10752K, 100% used [0x00000000d5580000,0x00000000d6000000,0x00000000d6000000)
  from space 1536K, 91% used [0x00000000d6280000,0x00000000d63e0020,0x00000000d6400000)
  to   space 2048K, 0% used [0x00000000d6000000,0x00000000d6000000,0x00000000d6200000)
 ParOldGen       total 166912K, used 166549K [0x0000000080000000, 0x000000008a300000, 0x00000000d5580000)
  object space 166912K, 99% used [0x0000000080000000,0x000000008a2a5710,0x000000008a300000)
 Metaspace       used 70739K, committed 72448K, reserved 1114112K
  class space    used 7341K, committed 8064K, reserved 1048576K
}
Event: 53.022 GC heap after
{Heap after GC invocations=418 (full 3):
 PSYoungGen      total 12800K, used 2009K [0x00000000d5580000, 0x00000000d6500000, 0x0000000100000000)
  eden space 10752K, 0% used [0x00000000d5580000,0x00000000d5580000,0x00000000d6000000)
  from space 2048K, 98% used [0x00000000d6000000,0x00000000d61f6410,0x00000000d6200000)
  to   space 2560K, 0% used [0x00000000d6280000,0x00000000d6280000,0x00000000d6500000)
 ParOldGen       total 167936K, used 167794K [0x0000000080000000, 0x000000008a400000, 0x00000000d5580000)
  object space 167936K, 99% used [0x0000000080000000,0x000000008a3dcbf0,0x000000008a400000)
 Metaspace       used 70739K, committed 72448K, reserved 1114112K
  class space    used 7341K, committed 8064K, reserved 1048576K
}
Event: 53.164 GC heap before
{Heap before GC invocations=419 (full 3):
 PSYoungGen      total 12800K, used 12699K [0x00000000d5580000, 0x00000000d6500000, 0x0000000100000000)
  eden space 10752K, 99% used [0x00000000d5580000,0x00000000d5ff0a18,0x00000000d6000000)
  from space 2048K, 98% used [0x00000000d6000000,0x00000000d61f6410,0x00000000d6200000)
  to   space 2560K, 0% used [0x00000000d6280000,0x00000000d6280000,0x00000000d6500000)
 ParOldGen       total 167936K, used 167794K [0x0000000080000000, 0x000000008a400000, 0x00000000d5580000)
  object space 167936K, 99% used [0x0000000080000000,0x000000008a3dcbf0,0x000000008a400000)
 Metaspace       used 71479K, committed 73216K, reserved 1114112K
  class space    used 7420K, committed 8128K, reserved 1048576K
}
Event: 53.168 GC heap after
{Heap after GC invocations=419 (full 3):
 PSYoungGen      total 11776K, used 777K [0x00000000d5580000, 0x00000000d6380000, 0x0000000100000000)
  eden space 10752K, 0% used [0x00000000d5580000,0x00000000d5580000,0x00000000d6000000)
  from space 1024K, 75% used [0x00000000d6280000,0x00000000d6342560,0x00000000d6380000)
  to   space 1536K, 0% used [0x00000000d6080000,0x00000000d6080000,0x00000000d6200000)
 ParOldGen       total 169984K, used 169743K [0x0000000080000000, 0x000000008a600000, 0x00000000d5580000)
  object space 169984K, 99% used [0x0000000080000000,0x000000008a5c3f30,0x000000008a600000)
 Metaspace       used 71479K, committed 73216K, reserved 1114112K
  class space    used 7420K, committed 8128K, reserved 1048576K
}
Event: 53.396 GC heap before
{Heap before GC invocations=420 (full 3):
 PSYoungGen      total 11776K, used 11529K [0x00000000d5580000, 0x00000000d6380000, 0x0000000100000000)
  eden space 10752K, 100% used [0x00000000d5580000,0x00000000d6000000,0x00000000d6000000)
  from space 1024K, 75% used [0x00000000d6280000,0x00000000d6342560,0x00000000d6380000)
  to   space 1536K, 0% used [0x00000000d6080000,0x00000000d6080000,0x00000000d6200000)
 ParOldGen       total 169984K, used 169743K [0x0000000080000000, 0x000000008a600000, 0x00000000d5580000)
  object space 169984K, 99% used [0x0000000080000000,0x000000008a5c3f30,0x000000008a600000)
 Metaspace       used 72358K, committed 74112K, reserved 1179648K
  class space    used 7501K, committed 8256K, reserved 1048576K
}
Event: 53.400 GC heap after
{Heap after GC invocations=420 (full 3):
 PSYoungGen      total 12288K, used 1305K [0x00000000d5580000, 0x00000000d6300000, 0x0000000100000000)
  eden space 10752K, 0% used [0x00000000d5580000,0x00000000d5580000,0x00000000d6000000)
  from space 1536K, 84% used [0x00000000d6080000,0x00000000d61c6410,0x00000000d6200000)
  to   space 1024K, 0% used [0x00000000d6200000,0x00000000d6200000,0x00000000d6300000)
 ParOldGen       total 169984K, used 169831K [0x0000000080000000, 0x000000008a600000, 0x00000000d5580000)
  object space 169984K, 99% used [0x0000000080000000,0x000000008a5d9f30,0x000000008a600000)
 Metaspace       used 72358K, committed 74112K, reserved 1179648K
  class space    used 7501K, committed 8256K, reserved 1048576K
}
Event: 157.790 GC heap before
{Heap before GC invocations=421 (full 3):
 PSYoungGen      total 12288K, used 12057K [0x00000000d5580000, 0x00000000d6300000, 0x0000000100000000)
  eden space 10752K, 100% used [0x00000000d5580000,0x00000000d6000000,0x00000000d6000000)
  from space 1536K, 84% used [0x00000000d6080000,0x00000000d61c6410,0x00000000d6200000)
  to   space 1024K, 0% used [0x00000000d6200000,0x00000000d6200000,0x00000000d6300000)
 ParOldGen       total 169984K, used 169831K [0x0000000080000000, 0x000000008a600000, 0x00000000d5580000)
  object space 169984K, 99% used [0x0000000080000000,0x000000008a5d9f30,0x000000008a600000)
 Metaspace       used 72782K, committed 74432K, reserved 1179648K
  class space    used 7561K, committed 8256K, reserved 1048576K
}
Event: 157.792 GC heap after
{Heap after GC invocations=421 (full 3):
 PSYoungGen      total 11264K, used 384K [0x00000000d5580000, 0x00000000d6280000, 0x0000000100000000)
  eden space 10752K, 0% used [0x00000000d5580000,0x00000000d5580000,0x00000000d6000000)
  from space 512K, 75% used [0x00000000d6200000,0x00000000d6260000,0x00000000d6280000)
  to   space 1024K, 0% used [0x00000000d6080000,0x00000000d6080000,0x00000000d6180000)
 ParOldGen       total 170496K, used 170167K [0x0000000080000000, 0x000000008a680000, 0x00000000d5580000)
  object space 170496K, 99% used [0x0000000080000000,0x000000008a62df30,0x000000008a680000)
 Metaspace       used 72782K, committed 74432K, reserved 1179648K
  class space    used 7561K, committed 8256K, reserved 1048576K
}

