# JRE version: OpenJDK Runtime Environment Temurin-17.0.8+7 (17.0.8+7) (build 17.0.8+7)
# Java VM: OpenJDK 64-Bit Server VM Temurin-17.0.8+7 (17.0.8+7, mixed mode, sharing, tiered, compressed oops, compressed class ptrs, serial gc, windows-amd64)
GC Precious Log:
 CPUs: 8 total, 8 available
 Memory: 16194M
 Large Page Support: Disabled
 NUMA Support: Disabled
 Compressed Oops: Enabled (32-bit)
 Heap Min Capacity: 8M
 Heap Initial Capacity: 254M
 Heap Max Capacity: 512M
 Pre-touch: Disabled
Heap:
 def new generation   total 78016K, used 10021K [0x00000000e0000000, 0x00000000e54a0000, 0x00000000eaaa0000)
  eden space 69376K,   4% used [0x00000000e0000000, 0x00000000e0310d20, 0x00000000e43c0000)
  from space 8640K,  79% used [0x00000000e43c0000, 0x00000000e4a78880, 0x00000000e4c30000)
  to   space 8640K,   0% used [0x00000000e4c30000, 0x00000000e4c30000, 0x00000000e54a0000)
 tenured generation   total 173440K, used 5960K [0x00000000eaaa0000, 0x00000000f5400000, 0x0000000100000000)
   the space 173440K,   3% used [0x00000000eaaa0000, 0x00000000eb072318, 0x00000000eb072400, 0x00000000f5400000)
 Metaspace       used 15539K, committed 15744K, reserved 278528K
  class space    used 1845K, committed 1920K, reserved 212992K
GC Heap History (4 events):
Event: 9.773 GC heap before
{Heap before GC invocations=0 (full 0):
 def new generation   total 78016K, used 69376K [0x00000000e0000000, 0x00000000e54a0000, 0x00000000eaaa0000)
  eden space 69376K, 100% used [0x00000000e0000000, 0x00000000e43c0000, 0x00000000e43c0000)
  from space 8640K,   0% used [0x00000000e43c0000, 0x00000000e43c0000, 0x00000000e4c30000)
  to   space 8640K,   0% used [0x00000000e4c30000, 0x00000000e4c30000, 0x00000000e54a0000)
 tenured generation   total 173440K, used 0K [0x00000000eaaa0000, 0x00000000f5400000, 0x0000000100000000)
   the space 173440K,   0% used [0x00000000eaaa0000, 0x00000000eaaa0000, 0x00000000eaaa0200, 0x00000000f5400000)
 Metaspace       used 11988K, committed 12160K, reserved 278528K
  class space    used 1504K, committed 1600K, reserved 212992K
}
Event: 9.792 GC heap after
{Heap after GC invocations=1 (full 0):
 def new generation   total 78016K, used 6022K [0x00000000e0000000, 0x00000000e54a0000, 0x00000000eaaa0000)
  eden space 69376K,   0% used [0x00000000e0000000, 0x00000000e0000000, 0x00000000e43c0000)
  from space 8640K,  69% used [0x00000000e4c30000, 0x00000000e5211a10, 0x00000000e54a0000)
  to   space 8640K,   0% used [0x00000000e43c0000, 0x00000000e43c0000, 0x00000000e4c30000)
 tenured generation   total 173440K, used 0K [0x00000000eaaa0000, 0x00000000f5400000, 0x0000000100000000)
   the space 173440K,   0% used [0x00000000eaaa0000, 0x00000000eaaa0000, 0x00000000eaaa0200, 0x00000000f5400000)
 Metaspace       used 11988K, committed 12160K, reserved 278528K
  class space    used 1504K, committed 1600K, reserved 212992K
}
Event: 12.659 GC heap before
{Heap before GC invocations=1 (full 0):
 def new generation   total 78016K, used 75398K [0x00000000e0000000, 0x00000000e54a0000, 0x00000000eaaa0000)
  eden space 69376K, 100% used [0x00000000e0000000, 0x00000000e43c0000, 0x00000000e43c0000)
  from space 8640K,  69% used [0x00000000e4c30000, 0x00000000e5211a10, 0x00000000e54a0000)
  to   space 8640K,   0% used [0x00000000e43c0000, 0x00000000e43c0000, 0x00000000e4c30000)
 tenured generation   total 173440K, used 0K [0x00000000eaaa0000, 0x00000000f5400000, 0x0000000100000000)
   the space 173440K,   0% used [0x00000000eaaa0000, 0x00000000eaaa0000, 0x00000000eaaa0200, 0x00000000f5400000)
 Metaspace       used 15477K, committed 15680K, reserved 278528K
  class space    used 1844K, committed 1920K, reserved 212992K
}
Event: 12.706 GC heap after
{Heap after GC invocations=2 (full 0):
 def new generation   total 78016K, used 6882K [0x00000000e0000000, 0x00000000e54a0000, 0x00000000eaaa0000)
  eden space 69376K,   0% used [0x00000000e0000000, 0x00000000e0000000, 0x00000000e43c0000)
  from space 8640K,  79% used [0x00000000e43c0000, 0x00000000e4a78880, 0x00000000e4c30000)
  to   space 8640K,   0% used [0x00000000e4c30000, 0x00000000e4c30000, 0x00000000e54a0000)
 tenured generation   total 173440K, used 5960K [0x00000000eaaa0000, 0x00000000f5400000, 0x0000000100000000)
   the space 173440K,   3% used [0x00000000eaaa0000, 0x00000000eb072318, 0x00000000eb072400, 0x00000000f5400000)
 Metaspace       used 15477K, committed 15680K, reserved 278528K
  class space    used 1844K, committed 1920K, reserved 212992K
}

