# JRE version: OpenJDK Runtime Environment Temurin-17.0.8+7 (17.0.8+7) (build 17.0.8+7)
# Java VM: OpenJDK 64-Bit Server VM Temurin-17.0.8+7 (17.0.8+7, mixed mode, sharing, tiered, compressed oops, compressed class ptrs, g1 gc, windows-amd64)
GC Precious Log:
 CPUs: 8 total, 8 available
 Memory: 16194M
 Large Page Support: Disabled
 NUMA Support: Disabled
 Compressed Oops: Enabled (Zero based)
 Heap Region Size: 2M
 Heap Min Capacity: 8M
 Heap Initial Capacity: 254M
 Heap Max Capacity: 4050M
 Pre-touch: Disabled
 Parallel Workers: 8
 Concurrent Workers: 2
 Concurrent Refinement Workers: 8
 Periodic GC: Disabled
Heap:
 garbage-first heap   total 110592K, used 52861K [0x0000000702e00000, 0x0000000800000000)
  region size 2048K, 10 young (20480K), 3 survivors (6144K)
 Metaspace       used 90825K, committed 91456K, reserved 1179648K
  class space    used 12520K, committed 12800K, reserved 1048576K
GC Heap History (20 events):
Event: 8.811 GC heap before
{Heap before GC invocations=19 (full 0):
 garbage-first heap   total 92160K, used 55656K [0x0000000702e00000, 0x0000000800000000)
  region size 2048K, 19 young (38912K), 2 survivors (4096K)
 Metaspace       used 59988K, committed 60480K, reserved 1114112K
  class space    used 8119K, committed 8384K, reserved 1048576K
}
Event: 8.814 GC heap after
{Heap after GC invocations=20 (full 0):
 garbage-first heap   total 92160K, used 25416K [0x0000000702e00000, 0x0000000800000000)
  region size 2048K, 2 young (4096K), 2 survivors (4096K)
 Metaspace       used 59988K, committed 60480K, reserved 1114112K
  class space    used 8119K, committed 8384K, reserved 1048576K
}
Event: 9.436 GC heap before
{Heap before GC invocations=21 (full 0):
 garbage-first heap   total 92160K, used 74568K [0x0000000702e00000, 0x0000000800000000)
  region size 2048K, 26 young (53248K), 2 survivors (4096K)
 Metaspace       used 64991K, committed 65600K, reserved 1114112K
  class space    used 9006K, committed 9280K, reserved 1048576K
}
Event: 9.440 GC heap after
{Heap after GC invocations=22 (full 0):
 garbage-first heap   total 92160K, used 26582K [0x0000000702e00000, 0x0000000800000000)
  region size 2048K, 3 young (6144K), 3 survivors (6144K)
 Metaspace       used 64991K, committed 65600K, reserved 1114112K
  class space    used 9006K, committed 9280K, reserved 1048576K
}
Event: 10.064 GC heap before
{Heap before GC invocations=22 (full 0):
 garbage-first heap   total 92160K, used 71638K [0x0000000702e00000, 0x0000000800000000)
  region size 2048K, 25 young (51200K), 3 survivors (6144K)
 Metaspace       used 69468K, committed 70016K, reserved 1114112K
  class space    used 9534K, committed 9792K, reserved 1048576K
}
Event: 10.070 GC heap after
{Heap after GC invocations=23 (full 0):
 garbage-first heap   total 92160K, used 28518K [0x0000000702e00000, 0x0000000800000000)
  region size 2048K, 3 young (6144K), 3 survivors (6144K)
 Metaspace       used 69468K, committed 70016K, reserved 1114112K
  class space    used 9534K, committed 9792K, reserved 1048576K
}
Event: 10.703 GC heap before
{Heap before GC invocations=23 (full 0):
 garbage-first heap   total 92160K, used 73574K [0x0000000702e00000, 0x0000000800000000)
  region size 2048K, 25 young (51200K), 3 survivors (6144K)
 Metaspace       used 73088K, committed 73664K, reserved 1114112K
  class space    used 10041K, committed 10304K, reserved 1048576K
}
Event: 10.710 GC heap after
{Heap after GC invocations=24 (full 0):
 garbage-first heap   total 92160K, used 30075K [0x0000000702e00000, 0x0000000800000000)
  region size 2048K, 3 young (6144K), 3 survivors (6144K)
 Metaspace       used 73088K, committed 73664K, reserved 1114112K
  class space    used 10041K, committed 10304K, reserved 1048576K
}
Event: 11.251 GC heap before
{Heap before GC invocations=24 (full 0):
 garbage-first heap   total 92160K, used 73083K [0x0000000702e00000, 0x0000000800000000)
  region size 2048K, 24 young (49152K), 3 survivors (6144K)
 Metaspace       used 74893K, committed 75456K, reserved 1114112K
  class space    used 10289K, committed 10560K, reserved 1048576K
}
Event: 11.259 GC heap after
{Heap after GC invocations=25 (full 0):
 garbage-first heap   total 92160K, used 31801K [0x0000000702e00000, 0x0000000800000000)
  region size 2048K, 2 young (4096K), 2 survivors (4096K)
 Metaspace       used 74893K, committed 75456K, reserved 1114112K
  class space    used 10289K, committed 10560K, reserved 1048576K
}
Event: 11.889 GC heap before
{Heap before GC invocations=25 (full 0):
 garbage-first heap   total 92160K, used 72761K [0x0000000702e00000, 0x0000000800000000)
  region size 2048K, 22 young (45056K), 2 survivors (4096K)
 Metaspace       used 76851K, committed 77504K, reserved 1179648K
  class space    used 10574K, committed 10880K, reserved 1048576K
}
Event: 11.897 GC heap after
{Heap after GC invocations=26 (full 0):
 garbage-first heap   total 92160K, used 34058K [0x0000000702e00000, 0x0000000800000000)
  region size 2048K, 3 young (6144K), 3 survivors (6144K)
 Metaspace       used 76851K, committed 77504K, reserved 1179648K
  class space    used 10574K, committed 10880K, reserved 1048576K
}
Event: 12.345 GC heap before
{Heap before GC invocations=26 (full 0):
 garbage-first heap   total 92160K, used 70922K [0x0000000702e00000, 0x0000000800000000)
  region size 2048K, 21 young (43008K), 3 survivors (6144K)
 Metaspace       used 77985K, committed 78592K, reserved 1179648K
  class space    used 10745K, committed 11072K, reserved 1048576K
}
Event: 12.353 GC heap after
{Heap after GC invocations=27 (full 0):
 garbage-first heap   total 110592K, used 35825K [0x0000000702e00000, 0x0000000800000000)
  region size 2048K, 3 young (6144K), 3 survivors (6144K)
 Metaspace       used 77985K, committed 78592K, reserved 1179648K
  class space    used 10745K, committed 11072K, reserved 1048576K
}
Event: 12.945 GC heap before
{Heap before GC invocations=27 (full 0):
 garbage-first heap   total 110592K, used 84977K [0x0000000702e00000, 0x0000000800000000)
  region size 2048K, 27 young (55296K), 3 survivors (6144K)
 Metaspace       used 80007K, committed 80704K, reserved 1179648K
  class space    used 11056K, committed 11392K, reserved 1048576K
}
Event: 12.952 GC heap after
{Heap after GC invocations=28 (full 0):
 garbage-first heap   total 110592K, used 38389K [0x0000000702e00000, 0x0000000800000000)
  region size 2048K, 4 young (8192K), 4 survivors (8192K)
 Metaspace       used 80007K, committed 80704K, reserved 1179648K
  class space    used 11056K, committed 11392K, reserved 1048576K
}
Event: 13.518 GC heap before
{Heap before GC invocations=28 (full 0):
 garbage-first heap   total 110592K, used 85493K [0x0000000702e00000, 0x0000000800000000)
  region size 2048K, 27 young (55296K), 4 survivors (8192K)
 Metaspace       used 85503K, committed 86144K, reserved 1179648K
  class space    used 11794K, committed 12096K, reserved 1048576K
}
Event: 13.526 GC heap after
{Heap after GC invocations=29 (full 0):
 garbage-first heap   total 110592K, used 39319K [0x0000000702e00000, 0x0000000800000000)
  region size 2048K, 3 young (6144K), 3 survivors (6144K)
 Metaspace       used 85503K, committed 86144K, reserved 1179648K
  class space    used 11794K, committed 12096K, reserved 1048576K
}
Event: 14.085 GC heap before
{Heap before GC invocations=29 (full 0):
 garbage-first heap   total 110592K, used 86423K [0x0000000702e00000, 0x0000000800000000)
  region size 2048K, 26 young (53248K), 3 survivors (6144K)
 Metaspace       used 89844K, committed 90496K, reserved 1179648K
  class space    used 12389K, committed 12672K, reserved 1048576K
}
Event: 14.091 GC heap after
{Heap after GC invocations=30 (full 0):
 garbage-first heap   total 110592K, used 40573K [0x0000000702e00000, 0x0000000800000000)
  region size 2048K, 3 young (6144K), 3 survivors (6144K)
 Metaspace       used 89844K, committed 90496K, reserved 1179648K
  class space    used 12389K, committed 12672K, reserved 1048576K
}

